<?xml version="1.0" encoding="UTF-8"?>
<testsuite name="com.aifb.platform.household.HouseholdApiIT" tests="3" skipped="0" failures="0" errors="0" timestamp="2026-06-14T11:00:07" hostname="MacBook-Pro-2.local" time="0.036">
  <properties/>
  <testcase name="createJoinFlow()" classname="com.aifb.platform.household.HouseholdApiIT" time="0.024"/>
  <testcase name="getMineRequiresAuth()" classname="com.aifb.platform.household.HouseholdApiIT" time="0.002"/>
  <testcase name="getMineWithoutHouseholdReturns404()" classname="com.aifb.platform.household.HouseholdApiIT" time="0.009"/>
  <system-out><![CDATA[2026-06-14T17:00:07.221+06:00  INFO 44583 --- [aifb-platform] [    Test worker] t.c.s.AnnotationConfigContextLoaderUtils : Could not detect default configuration classes for test class [com.aifb.platform.household.HouseholdApiIT]: HouseholdApiIT does not declare any static, non-private, non-final, nested classes annotated with @Configuration.
2026-06-14T17:00:07.228+06:00  INFO 44583 --- [aifb-platform] [    Test worker] .b.t.c.SpringBootTestContextBootstrapper : Found @SpringBootConfiguration com.aifb.platform.PlatformApplication for test class com.aifb.platform.household.HouseholdApiIT
]]></system-out>
  <system-err><![CDATA[]]></system-err>
</testsuite>
