<?xml version="1.0" encoding="UTF-8"?>
<testsuite name="com.aifb.platform.finance.goal.GoalApiIT" tests="3" skipped="0" failures="0" errors="0" timestamp="2026-06-14T11:00:05" hostname="MacBook-Pro-2.local" time="0.067">
  <properties/>
  <testcase name="createGoalAddContributionAndReadProgress()" classname="com.aifb.platform.finance.goal.GoalApiIT" time="0.056"/>
  <testcase name="listGoalsRequiresAuth()" classname="com.aifb.platform.finance.goal.GoalApiIT" time="0.003"/>
  <testcase name="createRejectsNonPositiveTarget()" classname="com.aifb.platform.finance.goal.GoalApiIT" time="0.008"/>
  <system-out><![CDATA[2026-06-14T17:00:05.972+06:00  INFO 44583 --- [aifb-platform] [    Test worker] t.c.s.AnnotationConfigContextLoaderUtils : Could not detect default configuration classes for test class [com.aifb.platform.finance.goal.GoalApiIT]: GoalApiIT does not declare any static, non-private, non-final, nested classes annotated with @Configuration.
2026-06-14T17:00:05.980+06:00  INFO 44583 --- [aifb-platform] [    Test worker] .b.t.c.SpringBootTestContextBootstrapper : Found @SpringBootConfiguration com.aifb.platform.PlatformApplication for test class com.aifb.platform.finance.goal.GoalApiIT
]]></system-out>
  <system-err><![CDATA[]]></system-err>
</testsuite>
