<?xml version="1.0" encoding="UTF-8"?>
<testsuite name="com.aifb.platform.social.wishlist.WishlistApiIT" tests="9" skipped="0" failures="0" errors="0" timestamp="2026-06-14T10:59:54" hostname="MacBook-Pro-2.local" time="1.124">
  <properties/>
  <testcase name="authRequired_list()" classname="com.aifb.platform.social.wishlist.WishlistApiIT" time="0.462"/>
  <testcase name="memberReservesItem_showsReservedTrue()" classname="com.aifb.platform.social.wishlist.WishlistApiIT" time="0.329"/>
  <testcase name="onlyReserverCanUnreserve()" classname="com.aifb.platform.social.wishlist.WishlistApiIT" time="0.088"/>
  <testcase name="cannotReserveOwnItem()" classname="com.aifb.platform.social.wishlist.WishlistApiIT" time="0.031"/>
  <testcase name="nonOwnerDeleteIsForbidden()" classname="com.aifb.platform.social.wishlist.WishlistApiIT" time="0.068"/>
  <testcase name="guestCannotAdd()" classname="com.aifb.platform.social.wishlist.WishlistApiIT" time="0.062"/>
  <testcase name="ownerDeletesOwnItem()" classname="com.aifb.platform.social.wishlist.WishlistApiIT" time="0.038"/>
  <testcase name="authRequired_add()" classname="com.aifb.platform.social.wishlist.WishlistApiIT" time="0.005"/>
  <testcase name="ownerAddsItem_memberSeesItWithOwnerName()" classname="com.aifb.platform.social.wishlist.WishlistApiIT" time="0.037"/>
  <system-out><![CDATA[Standard Commons Logging discovery in action with spring-jcl: please remove commons-logging.jar from classpath in order to avoid potential conflicts
16:59:47.036 [Test worker] INFO org.springframework.test.context.support.AnnotationConfigContextLoaderUtils -- Could not detect default configuration classes for test class [com.aifb.platform.social.wishlist.WishlistApiIT]: WishlistApiIT does not declare any static, non-private, non-final, nested classes annotated with @Configuration.
16:59:47.131 [Test worker] INFO org.springframework.boot.test.context.SpringBootTestContextBootstrapper -- Found @SpringBootConfiguration com.aifb.platform.PlatformApplication for test class com.aifb.platform.social.wishlist.WishlistApiIT
16:59:47.195 [Test worker] INFO org.testcontainers.images.PullPolicy -- Image pull policy will be performed by: DefaultPullPolicy()
16:59:47.197 [Test worker] INFO org.testcontainers.utility.ImageNameSubstitutor -- Image name substitution will be performed by: DefaultImageNameSubstitutor (composite of 'ConfigurationFileImageNameSubstitutor' and 'PrefixingImageNameSubstitutor')
16:59:47.318 [Test worker] INFO org.testcontainers.dockerclient.DockerClientProviderStrategy -- Loaded org.testcontainers.dockerclient.UnixSocketClientProviderStrategy from ~/.testcontainers.properties, will try it first
16:59:47.520 [Test worker] INFO org.testcontainers.dockerclient.DockerClientProviderStrategy -- Found Docker environment with local Unix socket (unix:///var/run/docker.sock)
16:59:47.521 [Test worker] INFO org.testcontainers.DockerClientFactory -- Docker host IP address is localhost
16:59:47.537 [Test worker] INFO org.testcontainers.DockerClientFactory -- Connected to docker: 
  Server Version: 27.5.1
  API Version: 1.47
  Operating System: Docker Desktop
  Total Memory: 7836 MB
16:59:47.542 [Test worker] INFO org.testcontainers.DockerClientFactory -- Checking the system...
16:59:47.542 [Test worker] INFO org.testcontainers.DockerClientFactory -- ✔︎ Docker server version should be at least 1.6.0
16:59:47.581 [Test worker] INFO tc.postgres:16 -- Creating container for image: postgres:16
16:59:47.773 [Test worker] INFO org.testcontainers.utility.RegistryAuthLocator -- Credential helper/store (docker-credential-desktop) does not have credentials for https://index.docker.io/v1/
16:59:47.778 [Test worker] INFO tc.testcontainers/ryuk:0.7.0 -- Creating container for image: testcontainers/ryuk:0.7.0
16:59:47.856 [Test worker] INFO tc.testcontainers/ryuk:0.7.0 -- Container testcontainers/ryuk:0.7.0 is starting: 02e77cc3f8f64185bda7fc09fd0ebc553a865dd2090d35ef47844f1cd1afbe5b
16:59:48.210 [Test worker] INFO tc.testcontainers/ryuk:0.7.0 -- Container testcontainers/ryuk:0.7.0 started in PT0.431545S
16:59:48.268 [Test worker] INFO tc.postgres:16 -- Container postgres:16 is starting: d918634a17dede9580c3e263c45a0ce87c1f0c327bd48f455af5ba3b63e02064
16:59:49.485 [Test worker] INFO tc.postgres:16 -- Container postgres:16 started in PT1.897778S
16:59:49.486 [Test worker] INFO tc.postgres:16 -- Container is started (JDBC URL: jdbc:postgresql://localhost:60300/test?loggerLevel=OFF)

  .   ____          _            __ _ _
 /\\ / ___'_ __ _ _(_)_ __  __ _ \ \ \ \
( ( )\___ | '_ | '_| | '_ \/ _` | \ \ \ \
 \\/  ___)| |_)| | | | | || (_| |  ) ) ) )
  '  |____| .__|_| |_|_| |_\__, | / / / /
 =========|_|==============|___/=/_/_/_/

 :: Spring Boot ::                (v3.3.5)

2026-06-14T16:59:49.761+06:00  INFO 44583 --- [aifb-platform] [    Test worker] c.a.p.social.wishlist.WishlistApiIT      : Starting WishlistApiIT using Java 21.0.2 with PID 44583 (started by rik in /Users/rik/Documents/asp/finance-app/.claude/worktrees/wishlists/backend)
2026-06-14T16:59:49.762+06:00  INFO 44583 --- [aifb-platform] [    Test worker] c.a.p.social.wishlist.WishlistApiIT      : The following 1 profile is active: "dev"
2026-06-14T16:59:50.548+06:00  INFO 44583 --- [aifb-platform] [    Test worker] .s.d.r.c.RepositoryConfigurationDelegate : Bootstrapping Spring Data JPA repositories in DEFAULT mode.
2026-06-14T16:59:50.597+06:00  INFO 44583 --- [aifb-platform] [    Test worker] .s.d.r.c.RepositoryConfigurationDelegate : Finished Spring Data repository scanning in 43 ms. Found 20 JPA repository interfaces.
2026-06-14T16:59:51.053+06:00  INFO 44583 --- [aifb-platform] [    Test worker] com.zaxxer.hikari.HikariDataSource       : HikariPool-1 - Starting...
2026-06-14T16:59:51.186+06:00  INFO 44583 --- [aifb-platform] [    Test worker] com.zaxxer.hikari.pool.HikariPool        : HikariPool-1 - Added connection org.postgresql.jdbc.PgConnection@31e84f10
2026-06-14T16:59:51.187+06:00  INFO 44583 --- [aifb-platform] [    Test worker] com.zaxxer.hikari.HikariDataSource       : HikariPool-1 - Start completed.
2026-06-14T16:59:51.206+06:00  INFO 44583 --- [aifb-platform] [    Test worker] org.flywaydb.core.FlywayExecutor         : Database: jdbc:postgresql://localhost:60300/test (PostgreSQL 16.14)
2026-06-14T16:59:51.241+06:00  INFO 44583 --- [aifb-platform] [    Test worker] o.f.c.i.s.JdbcTableSchemaHistory         : Schema history table "public"."flyway_schema_history" does not exist yet
2026-06-14T16:59:51.243+06:00  INFO 44583 --- [aifb-platform] [    Test worker] o.f.core.internal.command.DbValidate     : Successfully validated 21 migrations (execution time 00:00.020s)
2026-06-14T16:59:51.262+06:00  INFO 44583 --- [aifb-platform] [    Test worker] o.f.c.i.s.JdbcTableSchemaHistory         : Creating Schema History table "public"."flyway_schema_history" ...
2026-06-14T16:59:51.358+06:00  INFO 44583 --- [aifb-platform] [    Test worker] o.f.core.internal.command.DbMigrate      : Current version of schema "public": << Empty Schema >>
2026-06-14T16:59:51.370+06:00  INFO 44583 --- [aifb-platform] [    Test worker] o.f.core.internal.command.DbMigrate      : Migrating schema "public" to version "1 - auth schema"
2026-06-14T16:59:51.408+06:00  INFO 44583 --- [aifb-platform] [    Test worker] o.f.core.internal.command.DbMigrate      : Migrating schema "public" to version "2 - align refresh tokens token hash"
2026-06-14T16:59:51.421+06:00  INFO 44583 --- [aifb-platform] [    Test worker] o.f.core.internal.command.DbMigrate      : Migrating schema "public" to version "3 - user settings"
2026-06-14T16:59:51.436+06:00  INFO 44583 --- [aifb-platform] [    Test worker] o.f.core.internal.command.DbMigrate      : Migrating schema "public" to version "4 - categories"
2026-06-14T16:59:51.453+06:00  INFO 44583 --- [aifb-platform] [    Test worker] o.f.core.internal.command.DbMigrate      : Migrating schema "public" to version "5 - transactions"
2026-06-14T16:59:51.465+06:00  INFO 44583 --- [aifb-platform] [    Test worker] o.f.core.internal.command.DbMigrate      : Migrating schema "public" to version "6 - goals"
2026-06-14T16:59:51.478+06:00  INFO 44583 --- [aifb-platform] [    Test worker] o.f.core.internal.command.DbMigrate      : Migrating schema "public" to version "7 - goal contributions"
2026-06-14T16:59:51.490+06:00  INFO 44583 --- [aifb-platform] [    Test worker] o.f.core.internal.command.DbMigrate      : Migrating schema "public" to version "8 - households"
2026-06-14T16:59:51.505+06:00  INFO 44583 --- [aifb-platform] [    Test worker] o.f.core.internal.command.DbMigrate      : Migrating schema "public" to version "9 - finance household scope"
2026-06-14T16:59:51.523+06:00  INFO 44583 --- [aifb-platform] [    Test worker] o.f.core.internal.command.DbMigrate      : Migrating schema "public" to version "10 - category groups"
2026-06-14T16:59:51.541+06:00  INFO 44583 --- [aifb-platform] [    Test worker] o.f.core.internal.command.DbMigrate      : Migrating schema "public" to version "11 - budget limits"
2026-06-14T16:59:51.560+06:00  INFO 44583 --- [aifb-platform] [    Test worker] o.f.core.internal.command.DbMigrate      : Migrating schema "public" to version "12 - categorization rules"
2026-06-14T16:59:51.573+06:00  INFO 44583 --- [aifb-platform] [    Test worker] o.f.core.internal.command.DbMigrate      : Migrating schema "public" to version "13 - password reset codes"
2026-06-14T16:59:51.585+06:00  INFO 44583 --- [aifb-platform] [    Test worker] o.f.core.internal.command.DbMigrate      : Migrating schema "public" to version "14 - google auth"
2026-06-14T16:59:51.596+06:00  INFO 44583 --- [aifb-platform] [    Test worker] o.f.core.internal.command.DbMigrate      : Migrating schema "public" to version "15 - ai reminders"
2026-06-14T16:59:51.611+06:00  INFO 44583 --- [aifb-platform] [    Test worker] o.f.core.internal.command.DbMigrate      : Migrating schema "public" to version "16 - events"
2026-06-14T16:59:51.626+06:00  INFO 44583 --- [aifb-platform] [    Test worker] o.f.core.internal.command.DbMigrate      : Migrating schema "public" to version "17 - fcm push"
2026-06-14T16:59:51.642+06:00  INFO 44583 --- [aifb-platform] [    Test worker] o.f.core.internal.command.DbMigrate      : Migrating schema "public" to version "18 - household guest role"
2026-06-14T16:59:51.670+06:00  INFO 44583 --- [aifb-platform] [    Test worker] o.f.core.internal.command.DbMigrate      : Migrating schema "public" to version "19 - shopping items"
2026-06-14T16:59:51.717+06:00  INFO 44583 --- [aifb-platform] [    Test worker] o.f.core.internal.command.DbMigrate      : Migrating schema "public" to version "20 - transaction reactions"
2026-06-14T16:59:51.729+06:00  INFO 44583 --- [aifb-platform] [    Test worker] o.f.core.internal.command.DbMigrate      : Migrating schema "public" to version "21 - wishlist items"
2026-06-14T16:59:51.742+06:00  INFO 44583 --- [aifb-platform] [    Test worker] o.f.core.internal.command.DbMigrate      : Successfully applied 21 migrations to schema "public", now at version v21 (execution time 00:00.170s)
2026-06-14T16:59:51.808+06:00  INFO 44583 --- [aifb-platform] [    Test worker] o.hibernate.jpa.internal.util.LogHelper  : HHH000204: Processing PersistenceUnitInfo [name: default]
2026-06-14T16:59:51.841+06:00  INFO 44583 --- [aifb-platform] [    Test worker] org.hibernate.Version                    : HHH000412: Hibernate ORM core version 6.5.3.Final
2026-06-14T16:59:51.861+06:00  INFO 44583 --- [aifb-platform] [    Test worker] o.h.c.internal.RegionFactoryInitiator    : HHH000026: Second-level cache disabled
2026-06-14T16:59:52.015+06:00  INFO 44583 --- [aifb-platform] [    Test worker] o.s.o.j.p.SpringPersistenceUnitInfo      : No LoadTimeWeaver setup: ignoring JPA class transformer
2026-06-14T16:59:52.753+06:00  INFO 44583 --- [aifb-platform] [    Test worker] o.h.e.t.j.p.i.JtaPlatformInitiator       : HHH000489: No JTA platform available (set 'hibernate.transaction.jta.platform' to enable JTA platform integration)
2026-06-14T16:59:52.779+06:00  INFO 44583 --- [aifb-platform] [    Test worker] j.LocalContainerEntityManagerFactoryBean : Initialized JPA EntityManagerFactory for persistence unit 'default'
2026-06-14T16:59:53.039+06:00  INFO 44583 --- [aifb-platform] [    Test worker] o.s.d.j.r.query.QueryEnhancerFactory     : Hibernate is in classpath; If applicable, HQL parser will be used.
2026-06-14T16:59:54.241+06:00  WARN 44583 --- [aifb-platform] [    Test worker] .s.s.UserDetailsServiceAutoConfiguration : 

Using generated security password: b4042610-505a-436e-9828-508ca608362b

This generated password is for development use only. Your security configuration must be updated before running your application in production.

2026-06-14T16:59:54.245+06:00  INFO 44583 --- [aifb-platform] [    Test worker] r$InitializeUserDetailsManagerConfigurer : Global AuthenticationManager configured with UserDetailsService bean with name inMemoryUserDetailsManager
2026-06-14T16:59:54.479+06:00  INFO 44583 --- [aifb-platform] [    Test worker] o.s.b.a.e.web.EndpointLinksResolver      : Exposing 3 endpoints beneath base path '/actuator'
2026-06-14T16:59:54.826+06:00  INFO 44583 --- [aifb-platform] [    Test worker] o.s.b.t.m.w.SpringBootMockServletContext : Initializing Spring TestDispatcherServlet ''
2026-06-14T16:59:54.826+06:00  INFO 44583 --- [aifb-platform] [    Test worker] o.s.t.web.servlet.TestDispatcherServlet  : Initializing Servlet ''
2026-06-14T16:59:54.827+06:00  INFO 44583 --- [aifb-platform] [    Test worker] o.s.t.web.servlet.TestDispatcherServlet  : Completed initialization in 1 ms
2026-06-14T16:59:54.874+06:00  INFO 44583 --- [aifb-platform] [    Test worker] c.a.p.social.wishlist.WishlistApiIT      : Started WishlistApiIT in 5.307 seconds (process running for 8.332)
]]></system-out>
  <system-err><![CDATA[WARNING: A Java agent has been loaded dynamically (/Users/rik/.gradle/caches/modules-2/files-2.1/net.bytebuddy/byte-buddy-agent/1.14.19/154da3a65b4f4a909d3e5bdec55d1b2b4cbb6ce1/byte-buddy-agent-1.14.19.jar)
WARNING: If a serviceability tool is in use, please run with -XX:+EnableDynamicAgentLoading to hide this warning
WARNING: If a serviceability tool is not in use, please run with -Djdk.instrument.traceUsage for more information
WARNING: Dynamic loading of agents will be disallowed by default in a future release
]]></system-err>
</testsuite>
