<?xml version="1.0" encoding="UTF-8"?>
<testsuite name="com.aifb.platform.finance.category.CategoryApiIT" tests="4" skipped="0" failures="0" errors="0" timestamp="2026-06-14T11:00:05" hostname="MacBook-Pro-2.local" time="0.053">
  <properties/>
  <testcase name="listReturnsSystemCategories()" classname="com.aifb.platform.finance.category.CategoryApiIT" time="0.024"/>
  <testcase name="createRejectsBlankName()" classname="com.aifb.platform.finance.category.CategoryApiIT" time="0.013"/>
  <testcase name="listRequiresAuth()" classname="com.aifb.platform.finance.category.CategoryApiIT" time="0.002"/>
  <testcase name="createReturnsCreatedCategory()" classname="com.aifb.platform.finance.category.CategoryApiIT" time="0.014"/>
  <system-out><![CDATA[2026-06-14T17:00:05.615+06:00  INFO 44583 --- [aifb-platform] [    Test worker] t.c.s.AnnotationConfigContextLoaderUtils : Could not detect default configuration classes for test class [com.aifb.platform.finance.category.CategoryApiIT]: CategoryApiIT does not declare any static, non-private, non-final, nested classes annotated with @Configuration.
2026-06-14T17:00:05.625+06:00  INFO 44583 --- [aifb-platform] [    Test worker] .b.t.c.SpringBootTestContextBootstrapper : Found @SpringBootConfiguration com.aifb.platform.PlatformApplication for test class com.aifb.platform.finance.category.CategoryApiIT
]]></system-out>
  <system-err><![CDATA[]]></system-err>
</testsuite>
