<?xml version="1.0" encoding="UTF-8"?>
<testsuite name="com.aifb.platform.auth.GoogleAuthApiIT" tests="7" skipped="0" failures="0" errors="0" timestamp="2026-06-14T10:59:56" hostname="MacBook-Pro-2.local" time="0.48">
  <properties/>
  <testcase name="invalidTokenIsRejected()" classname="com.aifb.platform.auth.GoogleAuthApiIT" time="0.009"/>
  <testcase name="passwordLoginRejectedForGoogleOnlyAccount()" classname="com.aifb.platform.auth.GoogleAuthApiIT" time="0.056"/>
  <testcase name="newUserIsCreatedAndSessionIssued()" classname="com.aifb.platform.auth.GoogleAuthApiIT" time="0.025"/>
  <testcase name="unverifiedEmailIsRejected()" classname="com.aifb.platform.auth.GoogleAuthApiIT" time="0.003"/>
  <testcase name="googleOnlyAccountCannotRequestPasswordReset()" classname="com.aifb.platform.auth.GoogleAuthApiIT" time="0.027"/>
  <testcase name="existingEmailAccountIsLinked()" classname="com.aifb.platform.auth.GoogleAuthApiIT" time="0.328"/>
  <testcase name="sameSubjectReturnsSameUser()" classname="com.aifb.platform.auth.GoogleAuthApiIT" time="0.029"/>
  <system-out><![CDATA[2026-06-14T16:59:56.562+06:00  INFO 44583 --- [aifb-platform] [    Test worker] t.c.s.AnnotationConfigContextLoaderUtils : Could not detect default configuration classes for test class [com.aifb.platform.auth.GoogleAuthApiIT]: GoogleAuthApiIT does not declare any static, non-private, non-final, nested classes annotated with @Configuration.
2026-06-14T16:59:56.571+06:00  INFO 44583 --- [aifb-platform] [    Test worker] .b.t.c.SpringBootTestContextBootstrapper : Found @SpringBootConfiguration com.aifb.platform.PlatformApplication for test class com.aifb.platform.auth.GoogleAuthApiIT
]]></system-out>
  <system-err><![CDATA[]]></system-err>
</testsuite>
