<?xml version="1.0" encoding="UTF-8"?>
<testsuite name="com.aifb.platform.finance.transaction.TransactionServiceIT" tests="7" skipped="0" failures="0" errors="0" timestamp="2026-06-14T11:00:07" hostname="MacBook-Pro-2.local" time="0.084">
  <properties/>
  <testcase name="createRejectsTypeMismatchWithCategory()" classname="com.aifb.platform.finance.transaction.TransactionServiceIT" time="0.007"/>
  <testcase name="createPersistsTransactionWithCategoryName()" classname="com.aifb.platform.finance.transaction.TransactionServiceIT" time="0.008"/>
  <testcase name="updateChangesAmountAndCategory()" classname="com.aifb.platform.finance.transaction.TransactionServiceIT" time="0.011"/>
  <testcase name="deleteRemovesTransaction()" classname="com.aifb.platform.finance.transaction.TransactionServiceIT" time="0.011"/>
  <testcase name="createRejectsCategoryOfAnotherUser()" classname="com.aifb.platform.finance.transaction.TransactionServiceIT" time="0.01"/>
  <testcase name="getOtherUsersTransactionNotFound()" classname="com.aifb.platform.finance.transaction.TransactionServiceIT" time="0.01"/>
  <testcase name="listIsScopedToUserAndFiltersByType()" classname="com.aifb.platform.finance.transaction.TransactionServiceIT" time="0.024"/>
  <system-out><![CDATA[2026-06-14T17:00:07.133+06:00  INFO 44583 --- [aifb-platform] [    Test worker] t.c.s.AnnotationConfigContextLoaderUtils : Could not detect default configuration classes for test class [com.aifb.platform.finance.transaction.TransactionServiceIT]: TransactionServiceIT does not declare any static, non-private, non-final, nested classes annotated with @Configuration.
2026-06-14T17:00:07.135+06:00  INFO 44583 --- [aifb-platform] [    Test worker] .b.t.c.SpringBootTestContextBootstrapper : Found @SpringBootConfiguration com.aifb.platform.PlatformApplication for test class com.aifb.platform.finance.transaction.TransactionServiceIT
]]></system-out>
  <system-err><![CDATA[]]></system-err>
</testsuite>
