<?xml version="1.0" encoding="UTF-8"?>
<testsuite name="com.aifb.platform.finance.group.CategoryGroupServiceIT" tests="6" skipped="0" failures="0" errors="0" timestamp="2026-06-14T11:00:06" hostname="MacBook-Pro-2.local" time="0.089">
  <properties/>
  <testcase name="updateOthersGroupNotFound()" classname="com.aifb.platform.finance.group.CategoryGroupServiceIT" time="0.017"/>
  <testcase name="sharedCreateWithoutHouseholdConflicts()" classname="com.aifb.platform.finance.group.CategoryGroupServiceIT" time="0.007"/>
  <testcase name="updateAndDeletePersonalGroup()" classname="com.aifb.platform.finance.group.CategoryGroupServiceIT" time="0.011"/>
  <testcase name="sharedGroupVisibleToFamily()" classname="com.aifb.platform.finance.group.CategoryGroupServiceIT" time="0.021"/>
  <testcase name="childCannotCreateSharedGroup()" classname="com.aifb.platform.finance.group.CategoryGroupServiceIT" time="0.022"/>
  <testcase name="createPersonalGroupVisibleOnlyToOwnerScope()" classname="com.aifb.platform.finance.group.CategoryGroupServiceIT" time="0.01"/>
  <system-out><![CDATA[2026-06-14T17:00:06.330+06:00  INFO 44583 --- [aifb-platform] [    Test worker] t.c.s.AnnotationConfigContextLoaderUtils : Could not detect default configuration classes for test class [com.aifb.platform.finance.group.CategoryGroupServiceIT]: CategoryGroupServiceIT does not declare any static, non-private, non-final, nested classes annotated with @Configuration.
2026-06-14T17:00:06.332+06:00  INFO 44583 --- [aifb-platform] [    Test worker] .b.t.c.SpringBootTestContextBootstrapper : Found @SpringBootConfiguration com.aifb.platform.PlatformApplication for test class com.aifb.platform.finance.group.CategoryGroupServiceIT
]]></system-out>
  <system-err><![CDATA[]]></system-err>
</testsuite>
