<?xml version="1.0" encoding="UTF-8"?>
<testsuite name="com.aifb.platform.event.EventApiIT" tests="5" skipped="0" failures="0" errors="0" timestamp="2026-06-14T11:00:05" hostname="MacBook-Pro-2.local" time="0.117">
  <properties/>
  <testcase name="oneOffEventWithBudgetCreatesLinkedReminder()" classname="com.aifb.platform.event.EventApiIT" time="0.054"/>
  <testcase name="createWeeklyEventExpandsAcrossMonth()" classname="com.aifb.platform.event.EventApiIT" time="0.031"/>
  <testcase name="recurringWithBudgetRejected()" classname="com.aifb.platform.event.EventApiIT" time="0.009"/>
  <testcase name="eventsRequireAuth()" classname="com.aifb.platform.event.EventApiIT" time="0.002"/>
  <testcase name="personalEventNotVisibleToAnotherUser()" classname="com.aifb.platform.event.EventApiIT" time="0.02"/>
  <system-out><![CDATA[2026-06-14T17:00:05.037+06:00  INFO 44583 --- [aifb-platform] [    Test worker] t.c.s.AnnotationConfigContextLoaderUtils : Could not detect default configuration classes for test class [com.aifb.platform.event.EventApiIT]: EventApiIT does not declare any static, non-private, non-final, nested classes annotated with @Configuration.
2026-06-14T17:00:05.046+06:00  INFO 44583 --- [aifb-platform] [    Test worker] .b.t.c.SpringBootTestContextBootstrapper : Found @SpringBootConfiguration com.aifb.platform.PlatformApplication for test class com.aifb.platform.event.EventApiIT
]]></system-out>
  <system-err><![CDATA[]]></system-err>
</testsuite>
