<?xml version="1.0" encoding="UTF-8"?>
<testsuite name="com.aifb.platform.notification.ExpenseNotificationListenerIT" tests="3" skipped="0" failures="0" errors="0" timestamp="2026-06-14T11:00:07" hostname="MacBook-Pro-2.local" time="0.092">
  <properties/>
  <testcase name="personalExpenseDoesNotNotify()" classname="com.aifb.platform.notification.ExpenseNotificationListenerIT" time="0.038"/>
  <testcase name="sharedExpenseNotifiesMembersExceptAuthor()" classname="com.aifb.platform.notification.ExpenseNotificationListenerIT" time="0.028"/>
  <testcase name="familyIncomeDoesNotNotify()" classname="com.aifb.platform.notification.ExpenseNotificationListenerIT" time="0.025"/>
  <system-out><![CDATA[2026-06-14T17:00:07.542+06:00  INFO 44583 --- [aifb-platform] [    Test worker] t.c.s.AnnotationConfigContextLoaderUtils : Could not detect default configuration classes for test class [com.aifb.platform.notification.ExpenseNotificationListenerIT]: ExpenseNotificationListenerIT does not declare any static, non-private, non-final, nested classes annotated with @Configuration.
2026-06-14T17:00:07.549+06:00  INFO 44583 --- [aifb-platform] [    Test worker] .b.t.c.SpringBootTestContextBootstrapper : Found @SpringBootConfiguration com.aifb.platform.PlatformApplication for test class com.aifb.platform.notification.ExpenseNotificationListenerIT
2026-06-14T17:00:07.616+06:00  INFO 44583 --- [aifb-platform] [    Test worker] c.a.p.n.service.DevPushSender            : [FCM-DEV] → token=tok-member-52707515-f836-48f2-b756-5abba30a7fbb title=Новый семейный расход body=2500 ₸ — Кафе
]]></system-out>
  <system-err><![CDATA[]]></system-err>
</testsuite>
