<?xml version="1.0" encoding="UTF-8"?>
<testsuite name="com.aifb.platform.finance.transaction.BudgetWarningIT" tests="2" skipped="0" failures="0" errors="0" timestamp="2026-06-14T11:00:06" hostname="MacBook-Pro-2.local" time="0.05">
  <properties/>
  <testcase name="exceedingBudgetReturnsWarningOnCreate()" classname="com.aifb.platform.finance.transaction.BudgetWarningIT" time="0.031"/>
  <testcase name="withinBudgetNoWarning()" classname="com.aifb.platform.finance.transaction.BudgetWarningIT" time="0.019"/>
  <system-out><![CDATA[2026-06-14T17:00:06.847+06:00  INFO 44583 --- [aifb-platform] [    Test worker] t.c.s.AnnotationConfigContextLoaderUtils : Could not detect default configuration classes for test class [com.aifb.platform.finance.transaction.BudgetWarningIT]: BudgetWarningIT does not declare any static, non-private, non-final, nested classes annotated with @Configuration.
2026-06-14T17:00:06.849+06:00  INFO 44583 --- [aifb-platform] [    Test worker] .b.t.c.SpringBootTestContextBootstrapper : Found @SpringBootConfiguration com.aifb.platform.PlatformApplication for test class com.aifb.platform.finance.transaction.BudgetWarningIT
]]></system-out>
  <system-err><![CDATA[]]></system-err>
</testsuite>
