<?xml version="1.0" encoding="UTF-8"?>
<testsuite name="com.aifb.platform.event.EventNotifyDaysIT" tests="2" skipped="0" failures="0" errors="0" timestamp="2026-06-14T11:00:05" hostname="MacBook-Pro-2.local" time="0.029">
  <properties/>
  <testcase name="createStoresNotifyDaysBefore()" classname="com.aifb.platform.event.EventNotifyDaysIT" time="0.015"/>
  <testcase name="createWithoutNotifyDaysDefaultsTo1And0()" classname="com.aifb.platform.event.EventNotifyDaysIT" time="0.013"/>
  <system-out><![CDATA[2026-06-14T17:00:05.166+06:00  INFO 44583 --- [aifb-platform] [    Test worker] t.c.s.AnnotationConfigContextLoaderUtils : Could not detect default configuration classes for test class [com.aifb.platform.event.EventNotifyDaysIT]: EventNotifyDaysIT does not declare any static, non-private, non-final, nested classes annotated with @Configuration.
2026-06-14T17:00:05.167+06:00  INFO 44583 --- [aifb-platform] [    Test worker] .b.t.c.SpringBootTestContextBootstrapper : Found @SpringBootConfiguration com.aifb.platform.PlatformApplication for test class com.aifb.platform.event.EventNotifyDaysIT
]]></system-out>
  <system-err><![CDATA[]]></system-err>
</testsuite>
