<?xml version="1.0" encoding="UTF-8"?>
<testsuite name="com.aifb.platform.finance.category.CategoryScopeIT" tests="4" skipped="0" failures="0" errors="0" timestamp="2026-06-14T11:00:05" hostname="MacBook-Pro-2.local" time="0.089">
  <properties/>
  <testcase name="childCannotCreateSharedCategory()" classname="com.aifb.platform.finance.category.CategoryScopeIT" time="0.026"/>
  <testcase name="sharedCreateWithoutHouseholdConflicts()" classname="com.aifb.platform.finance.category.CategoryScopeIT" time="0.008"/>
  <testcase name="adultCanDeleteSharedCategory()" classname="com.aifb.platform.finance.category.CategoryScopeIT" time="0.023"/>
  <testcase name="sharedCategoryVisibleToFamilyNotPersonal()" classname="com.aifb.platform.finance.category.CategoryScopeIT" time="0.032"/>
  <system-out><![CDATA[2026-06-14T17:00:05.756+06:00  INFO 44583 --- [aifb-platform] [    Test worker] t.c.s.AnnotationConfigContextLoaderUtils : Could not detect default configuration classes for test class [com.aifb.platform.finance.category.CategoryScopeIT]: CategoryScopeIT does not declare any static, non-private, non-final, nested classes annotated with @Configuration.
2026-06-14T17:00:05.758+06:00  INFO 44583 --- [aifb-platform] [    Test worker] .b.t.c.SpringBootTestContextBootstrapper : Found @SpringBootConfiguration com.aifb.platform.PlatformApplication for test class com.aifb.platform.finance.category.CategoryScopeIT
]]></system-out>
  <system-err><![CDATA[]]></system-err>
</testsuite>
