<?xml version="1.0" encoding="UTF-8"?>
<testsuite name="com.aifb.platform.finance.transaction.TransactionScopeIT" tests="6" skipped="0" failures="0" errors="0" timestamp="2026-06-14T11:00:06" hostname="MacBook-Pro-2.local" time="0.196">
  <properties/>
  <testcase name="guestCannotCreateSharedTransaction()" classname="com.aifb.platform.finance.transaction.TransactionScopeIT" time="0.034"/>
  <testcase name="guestCanViewFamilyTransactions()" classname="com.aifb.platform.finance.transaction.TransactionScopeIT" time="0.03"/>
  <testcase name="childCannotDeleteOthersSharedTransaction()" classname="com.aifb.platform.finance.transaction.TransactionScopeIT" time="0.044"/>
  <testcase name="sharedTransactionVisibleToFamilyWithAuthor()" classname="com.aifb.platform.finance.transaction.TransactionScopeIT" time="0.028"/>
  <testcase name="childCanCreateSharedTransaction()" classname="com.aifb.platform.finance.transaction.TransactionScopeIT" time="0.027"/>
  <testcase name="adultCanDeleteOthersSharedTransaction()" classname="com.aifb.platform.finance.transaction.TransactionScopeIT" time="0.03"/>
  <system-out><![CDATA[2026-06-14T17:00:06.934+06:00  INFO 44583 --- [aifb-platform] [    Test worker] t.c.s.AnnotationConfigContextLoaderUtils : Could not detect default configuration classes for test class [com.aifb.platform.finance.transaction.TransactionScopeIT]: TransactionScopeIT does not declare any static, non-private, non-final, nested classes annotated with @Configuration.
2026-06-14T17:00:06.936+06:00  INFO 44583 --- [aifb-platform] [    Test worker] .b.t.c.SpringBootTestContextBootstrapper : Found @SpringBootConfiguration com.aifb.platform.PlatformApplication for test class com.aifb.platform.finance.transaction.TransactionScopeIT
]]></system-out>
  <system-err><![CDATA[]]></system-err>
</testsuite>
