<?xml version="1.0" encoding="UTF-8"?>
<testsuite name="com.aifb.platform.finance.statistics.StatisticsServiceIT" tests="4" skipped="0" failures="0" errors="0" timestamp="2026-06-14T11:00:06" hostname="MacBook-Pro-2.local" time="0.076">
  <properties/>
  <testcase name="trendGroupsByMonth()" classname="com.aifb.platform.finance.statistics.StatisticsServiceIT" time="0.022"/>
  <testcase name="summaryComputesIncomeExpenseNet()" classname="com.aifb.platform.finance.statistics.StatisticsServiceIT" time="0.026"/>
  <testcase name="byCategoryReturnsTotalsAndPercentages()" classname="com.aifb.platform.finance.statistics.StatisticsServiceIT" time="0.022"/>
  <testcase name="summaryIsEmptyForNewUser()" classname="com.aifb.platform.finance.statistics.StatisticsServiceIT" time="0.006"/>
  <system-out><![CDATA[2026-06-14T17:00:06.700+06:00  INFO 44583 --- [aifb-platform] [    Test worker] t.c.s.AnnotationConfigContextLoaderUtils : Could not detect default configuration classes for test class [com.aifb.platform.finance.statistics.StatisticsServiceIT]: StatisticsServiceIT does not declare any static, non-private, non-final, nested classes annotated with @Configuration.
2026-06-14T17:00:06.702+06:00  INFO 44583 --- [aifb-platform] [    Test worker] .b.t.c.SpringBootTestContextBootstrapper : Found @SpringBootConfiguration com.aifb.platform.PlatformApplication for test class com.aifb.platform.finance.statistics.StatisticsServiceIT
]]></system-out>
  <system-err><![CDATA[]]></system-err>
</testsuite>
