<?xml version="1.0" encoding="UTF-8"?>
<testsuite name="com.aifb.platform.auth.PasswordResetApiIT" tests="6" skipped="0" failures="0" errors="0" timestamp="2026-06-14T10:59:57" hostname="MacBook-Pro-2.local" time="6.333">
  <properties/>
  <testcase name="forgotReturnsNullDevCodeForUnknownEmail()" classname="com.aifb.platform.auth.PasswordResetApiIT" time="0.007"/>
  <testcase name="resetWithWrongCodeFails()" classname="com.aifb.platform.auth.PasswordResetApiIT" time="0.92"/>
  <testcase name="resetWithValidCodeChangesPassword()" classname="com.aifb.platform.auth.PasswordResetApiIT" time="1.799"/>
  <testcase name="codeIsSingleUse()" classname="com.aifb.platform.auth.PasswordResetApiIT" time="1.18"/>
  <testcase name="forgotReturnsDevCodeForKnownEmail()" classname="com.aifb.platform.auth.PasswordResetApiIT" time="0.631"/>
  <testcase name="newRequestInvalidatesPreviousCode()" classname="com.aifb.platform.auth.PasswordResetApiIT" time="1.795"/>
  <system-out><![CDATA[2026-06-14T16:59:57.055+06:00  INFO 44583 --- [aifb-platform] [    Test worker] t.c.s.AnnotationConfigContextLoaderUtils : Could not detect default configuration classes for test class [com.aifb.platform.auth.PasswordResetApiIT]: PasswordResetApiIT does not declare any static, non-private, non-final, nested classes annotated with @Configuration.
2026-06-14T16:59:57.058+06:00  INFO 44583 --- [aifb-platform] [    Test worker] .b.t.c.SpringBootTestContextBootstrapper : Found @SpringBootConfiguration com.aifb.platform.PlatformApplication for test class com.aifb.platform.auth.PasswordResetApiIT
]]></system-out>
  <system-err><![CDATA[]]></system-err>
</testsuite>
