<?xml version="1.0" encoding="UTF-8"?>
<testsuite name="com.aifb.platform.finance.categorization.CategorizationServiceIT" tests="6" skipped="0" failures="0" errors="0" timestamp="2026-06-14T11:00:05" hostname="MacBook-Pro-2.local" time="0.096">
  <properties/>
  <testcase name="createRuleAndList()" classname="com.aifb.platform.finance.categorization.CategorizationServiceIT" time="0.021"/>
  <testcase name="duplicateKeywordConflicts()" classname="com.aifb.platform.finance.categorization.CategorizationServiceIT" time="0.013"/>
  <testcase name="resolveFiltersByType()" classname="com.aifb.platform.finance.categorization.CategorizationServiceIT" time="0.014"/>
  <testcase name="ruleWithForeignCategoryRejected()" classname="com.aifb.platform.finance.categorization.CategorizationServiceIT" time="0.014"/>
  <testcase name="resolveMatchesSubstringCaseInsensitive()" classname="com.aifb.platform.finance.categorization.CategorizationServiceIT" time="0.015"/>
  <testcase name="resolveLongestKeywordWins()" classname="com.aifb.platform.finance.categorization.CategorizationServiceIT" time="0.017"/>
  <system-out><![CDATA[2026-06-14T17:00:05.515+06:00  INFO 44583 --- [aifb-platform] [    Test worker] t.c.s.AnnotationConfigContextLoaderUtils : Could not detect default configuration classes for test class [com.aifb.platform.finance.categorization.CategorizationServiceIT]: CategorizationServiceIT does not declare any static, non-private, non-final, nested classes annotated with @Configuration.
2026-06-14T17:00:05.517+06:00  INFO 44583 --- [aifb-platform] [    Test worker] .b.t.c.SpringBootTestContextBootstrapper : Found @SpringBootConfiguration com.aifb.platform.PlatformApplication for test class com.aifb.platform.finance.categorization.CategorizationServiceIT
]]></system-out>
  <system-err><![CDATA[]]></system-err>
</testsuite>
