<?xml version="1.0" encoding="UTF-8"?>
<testsuite name="com.aifb.platform.notification.PushApiIT" tests="3" skipped="0" failures="0" errors="0" timestamp="2026-06-14T11:00:08" hostname="MacBook-Pro-2.local" time="0.083">
  <properties/>
  <testcase name="requiresAuth()" classname="com.aifb.platform.notification.PushApiIT" time="0.006"/>
  <testcase name="testEndpointReturnsOk()" classname="com.aifb.platform.notification.PushApiIT" time="0.029"/>
  <testcase name="registerThenDeleteToken()" classname="com.aifb.platform.notification.PushApiIT" time="0.046"/>
  <system-out><![CDATA[2026-06-14T17:00:08.098+06:00  INFO 44583 --- [aifb-platform] [    Test worker] t.c.s.AnnotationConfigContextLoaderUtils : Could not detect default configuration classes for test class [com.aifb.platform.notification.PushApiIT]: PushApiIT does not declare any static, non-private, non-final, nested classes annotated with @Configuration.
2026-06-14T17:00:08.103+06:00  INFO 44583 --- [aifb-platform] [    Test worker] .b.t.c.SpringBootTestContextBootstrapper : Found @SpringBootConfiguration com.aifb.platform.PlatformApplication for test class com.aifb.platform.notification.PushApiIT
2026-06-14T17:00:08.139+06:00  INFO 44583 --- [aifb-platform] [    Test worker] c.a.p.n.service.DevPushSender            : [FCM-DEV] → token=tok-test title=Тест body=Проверка push
]]></system-out>
  <system-err><![CDATA[]]></system-err>
</testsuite>
