<?xml version="1.0" encoding="UTF-8"?>
<testsuite name="com.aifb.platform.finance.category.CategoryGroupLinkIT" tests="4" skipped="0" failures="0" errors="0" timestamp="2026-06-14T11:00:05" hostname="MacBook-Pro-2.local" time="0.073">
  <properties/>
  <testcase name="deletingGroupUngroupsCategory()" classname="com.aifb.platform.finance.category.CategoryGroupLinkIT" time="0.024"/>
  <testcase name="othersGroupRejected()" classname="com.aifb.platform.finance.category.CategoryGroupLinkIT" time="0.026"/>
  <testcase name="categoryWithMatchingGroupIsLinked()" classname="com.aifb.platform.finance.category.CategoryGroupLinkIT" time="0.013"/>
  <testcase name="groupTypeMismatchRejected()" classname="com.aifb.platform.finance.category.CategoryGroupLinkIT" time="0.009"/>
  <system-out><![CDATA[2026-06-14T17:00:05.680+06:00  INFO 44583 --- [aifb-platform] [    Test worker] t.c.s.AnnotationConfigContextLoaderUtils : Could not detect default configuration classes for test class [com.aifb.platform.finance.category.CategoryGroupLinkIT]: CategoryGroupLinkIT does not declare any static, non-private, non-final, nested classes annotated with @Configuration.
2026-06-14T17:00:05.682+06:00  INFO 44583 --- [aifb-platform] [    Test worker] .b.t.c.SpringBootTestContextBootstrapper : Found @SpringBootConfiguration com.aifb.platform.PlatformApplication for test class com.aifb.platform.finance.category.CategoryGroupLinkIT
]]></system-out>
  <system-err><![CDATA[]]></system-err>
</testsuite>
