<?xml version="1.0" encoding="UTF-8"?>
<testsuite name="com.aifb.platform.finance.goal.GoalServiceIT" tests="8" skipped="0" failures="0" errors="0" timestamp="2026-06-14T11:00:06" hostname="MacBook-Pro-2.local" time="0.14">
  <properties/>
  <testcase name="contributionsIncreaseProgress()" classname="com.aifb.platform.finance.goal.GoalServiceIT" time="0.011"/>
  <testcase name="deletingContributionRevertsCompletion()" classname="com.aifb.platform.finance.goal.GoalServiceIT" time="0.036"/>
  <testcase name="otherUserCannotAccessGoal()" classname="com.aifb.platform.finance.goal.GoalServiceIT" time="0.012"/>
  <testcase name="reachingTargetMarksCompleted()" classname="com.aifb.platform.finance.goal.GoalServiceIT" time="0.012"/>
  <testcase name="createStartsActiveWithZeroProgress()" classname="com.aifb.platform.finance.goal.GoalServiceIT" time="0.009"/>
  <testcase name="updateChangesNameAndTarget()" classname="com.aifb.platform.finance.goal.GoalServiceIT" time="0.014"/>
  <testcase name="listReturnsGoalsWithProgress()" classname="com.aifb.platform.finance.goal.GoalServiceIT" time="0.02"/>
  <testcase name="deleteRemovesGoalAndContributions()" classname="com.aifb.platform.finance.goal.GoalServiceIT" time="0.023"/>
  <system-out><![CDATA[2026-06-14T17:00:06.125+06:00  INFO 44583 --- [aifb-platform] [    Test worker] t.c.s.AnnotationConfigContextLoaderUtils : Could not detect default configuration classes for test class [com.aifb.platform.finance.goal.GoalServiceIT]: GoalServiceIT does not declare any static, non-private, non-final, nested classes annotated with @Configuration.
2026-06-14T17:00:06.126+06:00  INFO 44583 --- [aifb-platform] [    Test worker] .b.t.c.SpringBootTestContextBootstrapper : Found @SpringBootConfiguration com.aifb.platform.PlatformApplication for test class com.aifb.platform.finance.goal.GoalServiceIT
]]></system-out>
  <system-err><![CDATA[]]></system-err>
</testsuite>
