<?xml version="1.0" encoding="UTF-8"?>
<testsuite name="com.aifb.platform.finance.category.CategoryServiceIT" tests="7" skipped="0" failures="0" errors="0" timestamp="2026-06-14T11:00:05" hostname="MacBook-Pro-2.local" time="0.119">
  <properties/>
  <testcase name="updateChangesOwnedCategory()" classname="com.aifb.platform.finance.category.CategoryServiceIT" time="0.018"/>
  <testcase name="deleteSoftDeletesAndHidesFromList()" classname="com.aifb.platform.finance.category.CategoryServiceIT" time="0.019"/>
  <testcase name="updateOtherUsersCategoryNotFound()" classname="com.aifb.platform.finance.category.CategoryServiceIT" time="0.011"/>
  <testcase name="createAddsUserCategoryVisibleOnlyToOwner()" classname="com.aifb.platform.finance.category.CategoryServiceIT" time="0.021"/>
  <testcase name="updateSystemCategoryForbidden()" classname="com.aifb.platform.finance.category.CategoryServiceIT" time="0.028"/>
  <testcase name="listReturnsSystemCategoriesForNewUser()" classname="com.aifb.platform.finance.category.CategoryServiceIT" time="0.009"/>
  <testcase name="createRejectsDuplicateActiveName()" classname="com.aifb.platform.finance.category.CategoryServiceIT" time="0.012"/>
  <system-out><![CDATA[2026-06-14T17:00:05.849+06:00  INFO 44583 --- [aifb-platform] [    Test worker] t.c.s.AnnotationConfigContextLoaderUtils : Could not detect default configuration classes for test class [com.aifb.platform.finance.category.CategoryServiceIT]: CategoryServiceIT does not declare any static, non-private, non-final, nested classes annotated with @Configuration.
2026-06-14T17:00:05.850+06:00  INFO 44583 --- [aifb-platform] [    Test worker] .b.t.c.SpringBootTestContextBootstrapper : Found @SpringBootConfiguration com.aifb.platform.PlatformApplication for test class com.aifb.platform.finance.category.CategoryServiceIT
]]></system-out>
  <system-err><![CDATA[]]></system-err>
</testsuite>
