<?xml version="1.0" encoding="UTF-8"?>
<testsuite name="com.aifb.platform.finance.budget.BudgetServiceIT" tests="5" skipped="0" failures="0" errors="0" timestamp="2026-06-14T11:00:05" hostname="MacBook-Pro-2.local" time="0.142">
  <properties/>
  <testcase name="duplicateBudgetForCategoryConflicts()" classname="com.aifb.platform.finance.budget.BudgetServiceIT" time="0.032"/>
  <testcase name="createCategoryBudgetAndComputeSpentStatus()" classname="com.aifb.platform.finance.budget.BudgetServiceIT" time="0.04"/>
  <testcase name="incomeCategoryRejected()" classname="com.aifb.platform.finance.budget.BudgetServiceIT" time="0.011"/>
  <testcase name="exceededStatusOverLimit()" classname="com.aifb.platform.finance.budget.BudgetServiceIT" time="0.042"/>
  <testcase name="deleteRemovesBudget()" classname="com.aifb.platform.finance.budget.BudgetServiceIT" time="0.015"/>
  <system-out><![CDATA[2026-06-14T17:00:05.302+06:00  INFO 44583 --- [aifb-platform] [    Test worker] t.c.s.AnnotationConfigContextLoaderUtils : Could not detect default configuration classes for test class [com.aifb.platform.finance.budget.BudgetServiceIT]: BudgetServiceIT does not declare any static, non-private, non-final, nested classes annotated with @Configuration.
2026-06-14T17:00:05.304+06:00  INFO 44583 --- [aifb-platform] [    Test worker] .b.t.c.SpringBootTestContextBootstrapper : Found @SpringBootConfiguration com.aifb.platform.PlatformApplication for test class com.aifb.platform.finance.budget.BudgetServiceIT
]]></system-out>
  <system-err><![CDATA[]]></system-err>
</testsuite>
