<?xml version="1.0" encoding="UTF-8"?>
<testsuite name="com.aifb.platform.notification.DeviceTokenRepositoryIT" tests="2" skipped="0" failures="0" errors="0" timestamp="2026-06-14T11:00:07" hostname="MacBook-Pro-2.local" time="0.02">
  <properties/>
  <testcase name="sentNotificationDedupKeyWorks()" classname="com.aifb.platform.notification.DeviceTokenRepositoryIT" time="0.01"/>
  <testcase name="savesAndFindsTokenByValue()" classname="com.aifb.platform.notification.DeviceTokenRepositoryIT" time="0.01"/>
  <system-out><![CDATA[2026-06-14T17:00:07.512+06:00  INFO 44583 --- [aifb-platform] [    Test worker] t.c.s.AnnotationConfigContextLoaderUtils : Could not detect default configuration classes for test class [com.aifb.platform.notification.DeviceTokenRepositoryIT]: DeviceTokenRepositoryIT does not declare any static, non-private, non-final, nested classes annotated with @Configuration.
2026-06-14T17:00:07.519+06:00  INFO 44583 --- [aifb-platform] [    Test worker] .b.t.c.SpringBootTestContextBootstrapper : Found @SpringBootConfiguration com.aifb.platform.PlatformApplication for test class com.aifb.platform.notification.DeviceTokenRepositoryIT
]]></system-out>
  <system-err><![CDATA[]]></system-err>
</testsuite>
