<?xml version="1.0" encoding="UTF-8"?>
<testsuite name="com.aifb.platform.finance.statistics.StatisticsApiIT" tests="5" skipped="0" failures="0" errors="0" timestamp="2026-06-14T11:00:06" hostname="MacBook-Pro-2.local" time="0.09">
  <properties/>
  <testcase name="statisticsRequireAuth()" classname="com.aifb.platform.finance.statistics.StatisticsApiIT" time="0.003"/>
  <testcase name="byCategoryWithDateRangeReturnsArray()" classname="com.aifb.platform.finance.statistics.StatisticsApiIT" time="0.03"/>
  <testcase name="summaryEndpointReturnsTotals()" classname="com.aifb.platform.finance.statistics.StatisticsApiIT" time="0.022"/>
  <testcase name="summaryWithDateRangeReturnsTotals()" classname="com.aifb.platform.finance.statistics.StatisticsApiIT" time="0.016"/>
  <testcase name="byCategoryEndpointReturnsArray()" classname="com.aifb.platform.finance.statistics.StatisticsApiIT" time="0.019"/>
  <system-out><![CDATA[2026-06-14T17:00:06.517+06:00  INFO 44583 --- [aifb-platform] [    Test worker] t.c.s.AnnotationConfigContextLoaderUtils : Could not detect default configuration classes for test class [com.aifb.platform.finance.statistics.StatisticsApiIT]: StatisticsApiIT does not declare any static, non-private, non-final, nested classes annotated with @Configuration.
2026-06-14T17:00:06.532+06:00  INFO 44583 --- [aifb-platform] [    Test worker] .b.t.c.SpringBootTestContextBootstrapper : Found @SpringBootConfiguration com.aifb.platform.PlatformApplication for test class com.aifb.platform.finance.statistics.StatisticsApiIT
]]></system-out>
  <system-err><![CDATA[]]></system-err>
</testsuite>
