<?xml version="1.0" encoding="UTF-8"?>
<testsuite name="com.aifb.platform.finance.categorization.CategorizationApiIT" tests="3" skipped="0" failures="0" errors="0" timestamp="2026-06-14T11:00:05" hostname="MacBook-Pro-2.local" time="0.055">
  <properties/>
  <testcase name="createRuleAndSuggest()" classname="com.aifb.platform.finance.categorization.CategorizationApiIT" time="0.042"/>
  <testcase name="rulesRequireAuth()" classname="com.aifb.platform.finance.categorization.CategorizationApiIT" time="0.001"/>
  <testcase name="suggestNoMatchReturnsNullData()" classname="com.aifb.platform.finance.categorization.CategorizationApiIT" time="0.01"/>
  <system-out><![CDATA[2026-06-14T17:00:05.449+06:00  INFO 44583 --- [aifb-platform] [    Test worker] t.c.s.AnnotationConfigContextLoaderUtils : Could not detect default configuration classes for test class [com.aifb.platform.finance.categorization.CategorizationApiIT]: CategorizationApiIT does not declare any static, non-private, non-final, nested classes annotated with @Configuration.
2026-06-14T17:00:05.458+06:00  INFO 44583 --- [aifb-platform] [    Test worker] .b.t.c.SpringBootTestContextBootstrapper : Found @SpringBootConfiguration com.aifb.platform.PlatformApplication for test class com.aifb.platform.finance.categorization.CategorizationApiIT
]]></system-out>
  <system-err><![CDATA[]]></system-err>
</testsuite>
