<?xml version="1.0" encoding="UTF-8"?>
<testsuite name="com.aifb.platform.auth.PasswordResetExpiryIT" tests="1" skipped="0" failures="0" errors="0" timestamp="2026-06-14T11:00:04" hostname="MacBook-Pro-2.local" time="0.635">
  <properties/>
  <testcase name="expiredCodeIsRejected()" classname="com.aifb.platform.auth.PasswordResetExpiryIT" time="0.635"/>
  <system-out><![CDATA[2026-06-14T17:00:03.398+06:00  INFO 44583 --- [aifb-platform] [    Test worker] t.c.s.AnnotationConfigContextLoaderUtils : Could not detect default configuration classes for test class [com.aifb.platform.auth.PasswordResetExpiryIT]: PasswordResetExpiryIT does not declare any static, non-private, non-final, nested classes annotated with @Configuration.
2026-06-14T17:00:03.404+06:00  INFO 44583 --- [aifb-platform] [    Test worker] .b.t.c.SpringBootTestContextBootstrapper : Found @SpringBootConfiguration com.aifb.platform.PlatformApplication for test class com.aifb.platform.auth.PasswordResetExpiryIT

  .   ____          _            __ _ _
 /\\ / ___'_ __ _ _(_)_ __  __ _ \ \ \ \
( ( )\___ | '_ | '_| | '_ \/ _` | \ \ \ \
 \\/  ___)| |_)| | | | | || (_| |  ) ) ) )
  '  |____| .__|_| |_|_| |_\__, | / / / /
 =========|_|==============|___/=/_/_/_/

 :: Spring Boot ::                (v3.3.5)

2026-06-14T17:00:03.421+06:00  INFO 44583 --- [aifb-platform] [    Test worker] c.a.platform.auth.PasswordResetExpiryIT  : Starting PasswordResetExpiryIT using Java 21.0.2 with PID 44583 (started by rik in /Users/rik/Documents/asp/finance-app/.claude/worktrees/wishlists/backend)
2026-06-14T17:00:03.421+06:00  INFO 44583 --- [aifb-platform] [    Test worker] c.a.platform.auth.PasswordResetExpiryIT  : The following 1 profile is active: "dev"
2026-06-14T17:00:03.591+06:00  INFO 44583 --- [aifb-platform] [    Test worker] .s.d.r.c.RepositoryConfigurationDelegate : Bootstrapping Spring Data JPA repositories in DEFAULT mode.
2026-06-14T17:00:03.611+06:00  INFO 44583 --- [aifb-platform] [    Test worker] .s.d.r.c.RepositoryConfigurationDelegate : Finished Spring Data repository scanning in 19 ms. Found 20 JPA repository interfaces.
2026-06-14T17:00:03.669+06:00  INFO 44583 --- [aifb-platform] [    Test worker] com.zaxxer.hikari.HikariDataSource       : HikariPool-2 - Starting...
2026-06-14T17:00:03.689+06:00  INFO 44583 --- [aifb-platform] [    Test worker] com.zaxxer.hikari.pool.HikariPool        : HikariPool-2 - Added connection org.postgresql.jdbc.PgConnection@4dca145f
2026-06-14T17:00:03.689+06:00  INFO 44583 --- [aifb-platform] [    Test worker] com.zaxxer.hikari.HikariDataSource       : HikariPool-2 - Start completed.
2026-06-14T17:00:03.691+06:00  INFO 44583 --- [aifb-platform] [    Test worker] org.flywaydb.core.FlywayExecutor         : Database: jdbc:postgresql://localhost:60300/test (PostgreSQL 16.14)
2026-06-14T17:00:03.707+06:00  INFO 44583 --- [aifb-platform] [    Test worker] o.f.core.internal.command.DbValidate     : Successfully validated 21 migrations (execution time 00:00.011s)
2026-06-14T17:00:03.722+06:00  INFO 44583 --- [aifb-platform] [    Test worker] o.f.core.internal.command.DbMigrate      : Current version of schema "public": 21
2026-06-14T17:00:03.723+06:00  INFO 44583 --- [aifb-platform] [    Test worker] o.f.core.internal.command.DbMigrate      : Schema "public" is up to date. No migration necessary.
2026-06-14T17:00:03.742+06:00  INFO 44583 --- [aifb-platform] [    Test worker] o.hibernate.jpa.internal.util.LogHelper  : HHH000204: Processing PersistenceUnitInfo [name: default]
2026-06-14T17:00:03.743+06:00  INFO 44583 --- [aifb-platform] [    Test worker] o.h.c.internal.RegionFactoryInitiator    : HHH000026: Second-level cache disabled
2026-06-14T17:00:03.747+06:00  INFO 44583 --- [aifb-platform] [    Test worker] o.s.o.j.p.SpringPersistenceUnitInfo      : No LoadTimeWeaver setup: ignoring JPA class transformer
2026-06-14T17:00:03.870+06:00  INFO 44583 --- [aifb-platform] [    Test worker] o.h.e.t.j.p.i.JtaPlatformInitiator       : HHH000489: No JTA platform available (set 'hibernate.transaction.jta.platform' to enable JTA platform integration)
2026-06-14T17:00:03.884+06:00  INFO 44583 --- [aifb-platform] [    Test worker] j.LocalContainerEntityManagerFactoryBean : Initialized JPA EntityManagerFactory for persistence unit 'default'
2026-06-14T17:00:04.178+06:00  WARN 44583 --- [aifb-platform] [    Test worker] .s.s.UserDetailsServiceAutoConfiguration : 

Using generated security password: 46a8bf71-f909-450a-8d50-fb8c2457400d

This generated password is for development use only. Your security configuration must be updated before running your application in production.

2026-06-14T17:00:04.179+06:00  INFO 44583 --- [aifb-platform] [    Test worker] r$InitializeUserDetailsManagerConfigurer : Global AuthenticationManager configured with UserDetailsService bean with name inMemoryUserDetailsManager
2026-06-14T17:00:04.248+06:00  INFO 44583 --- [aifb-platform] [    Test worker] o.s.b.a.e.web.EndpointLinksResolver      : Exposing 3 endpoints beneath base path '/actuator'
2026-06-14T17:00:04.380+06:00  INFO 44583 --- [aifb-platform] [    Test worker] o.s.b.t.m.w.SpringBootMockServletContext : Initializing Spring TestDispatcherServlet ''
2026-06-14T17:00:04.380+06:00  INFO 44583 --- [aifb-platform] [    Test worker] o.s.t.web.servlet.TestDispatcherServlet  : Initializing Servlet ''
2026-06-14T17:00:04.380+06:00  INFO 44583 --- [aifb-platform] [    Test worker] o.s.t.web.servlet.TestDispatcherServlet  : Completed initialization in 0 ms
2026-06-14T17:00:04.395+06:00  INFO 44583 --- [aifb-platform] [    Test worker] c.a.platform.auth.PasswordResetExpiryIT  : Started PasswordResetExpiryIT in 0.987 seconds (process running for 17.854)
]]></system-out>
  <system-err><![CDATA[]]></system-err>
</testsuite>
