<?xml version="1.0" encoding="UTF-8"?>
<testsuite name="com.aifb.platform.event.RecurrenceExpanderTest" tests="6" skipped="0" failures="0" errors="0" timestamp="2026-06-14T11:00:05" hostname="MacBook-Pro-2.local" time="0.004">
  <properties/>
  <testcase name="weeklyExpandsWithinMonth()" classname="com.aifb.platform.event.RecurrenceExpanderTest" time="0.002"/>
  <testcase name="noneOutsideRangeEmpty()" classname="com.aifb.platform.event.RecurrenceExpanderTest" time="0.0"/>
  <testcase name="monthlyFastForwardsFromFarPastStart()" classname="com.aifb.platform.event.RecurrenceExpanderTest" time="0.0"/>
  <testcase name="untilBoundStopsExpansion()" classname="com.aifb.platform.event.RecurrenceExpanderTest" time="0.0"/>
  <testcase name="noneInsideRange()" classname="com.aifb.platform.event.RecurrenceExpanderTest" time="0.0"/>
  <testcase name="yearlyBirthdayShowsOnceInQueriedMonth()" classname="com.aifb.platform.event.RecurrenceExpanderTest" time="0.0"/>
  <system-out><![CDATA[]]></system-out>
  <system-err><![CDATA[]]></system-err>
</testsuite>
