<?xml version="1.0" encoding="UTF-8"?>
<testsuite name="com.aifb.platform.notification.FamilyExpenseNotifyIT" tests="2" skipped="0" failures="0" errors="0" timestamp="2026-06-14T11:00:07" hostname="MacBook-Pro-2.local" time="0.033">
  <properties/>
  <testcase name="noRecipientsNoSend()" classname="com.aifb.platform.notification.FamilyExpenseNotifyIT" time="0.012"/>
  <testcase name="notifiesMembersExceptAuthor()" classname="com.aifb.platform.notification.FamilyExpenseNotifyIT" time="0.021"/>
  <system-out><![CDATA[2026-06-14T17:00:07.644+06:00  INFO 44583 --- [aifb-platform] [    Test worker] t.c.s.AnnotationConfigContextLoaderUtils : Could not detect default configuration classes for test class [com.aifb.platform.notification.FamilyExpenseNotifyIT]: FamilyExpenseNotifyIT does not declare any static, non-private, non-final, nested classes annotated with @Configuration.
2026-06-14T17:00:07.646+06:00  INFO 44583 --- [aifb-platform] [    Test worker] .b.t.c.SpringBootTestContextBootstrapper : Found @SpringBootConfiguration com.aifb.platform.PlatformApplication for test class com.aifb.platform.notification.FamilyExpenseNotifyIT
2026-06-14T17:00:07.679+06:00  INFO 44583 --- [aifb-platform] [    Test worker] c.a.p.n.service.DevPushSender            : [FCM-DEV] → token=tok-member-4262edc4-ebc7-4f55-8e53-8034bee63c90 title=Новый семейный расход body=1500 ₸ — Продукты
]]></system-out>
  <system-err><![CDATA[]]></system-err>
</testsuite>
